<?xml version="1.0" encoding="UTF-8"?>
<!-- Generated by org.testng.reporters.JUnitReportReporter -->
<testsuite skipped="0" hostname="TYSS-ELF-Manjunath" name="WDM.WebDriverManagerDemo.WebDriverManagerDemo" tests="1" failures="0" timestamp="29 May 2020 15:06:51 GMT" time="0.512" errors="0">
  <testcase name="launch" time="0.512" classname="WDM.WebDriverManagerDemo.WebDriverManagerDemo"/>
</testsuite> <!-- WDM.WebDriverManagerDemo.WebDriverManagerDemo -->
